<?xml version="1.0" encoding="UTF-8"?>
<!-- Generated by org.testng.reporters.JUnitXMLReporter -->
<testsuite hostname="Kinnu" ignored="0" name="Default test" tests="3" failures="0" timestamp="18 Jul 2017 22:06:10 GMT" time="0.329" errors="0">
  <testcase name="doLoginTest" time="0.024" classname="testcases.LoginTest"/>
  <testcase name="doLoginTest" time="0.024" classname="testcases.LoginTest"/>
  <testcase name="doLoginTest" time="0.024" classname="testcases.LoginTest"/>
</testsuite> <!-- Default test -->
