<?xml version="1.0" encoding="UTF-8"?>
<!-- Generated by org.testng.reporters.JUnitXMLReporter -->
<testsuite hostname="Kinnu" ignored="0" name="ApplicationTest" tests="3" failures="0" timestamp="18 Jul 2017 23:12:03 GMT" time="0.019" errors="0">
  <testcase name="doLogin" time="0.002" classname="testcases.ApplicationTest"/>
  <testcase name="doChangePwd" time="0.0" classname="testcases.ApplicationTest"/>
  <testcase name="doLogout" time="0.0" classname="testcases.ApplicationTest"/>
</testsuite> <!-- ApplicationTest -->
