<?xml version="1.0" encoding="UTF-8"?>
<!-- Generated by org.testng.reporters.JUnitXMLReporter -->
<testsuite hostname="Kinnu" ignored="0" name="Login" tests="3" failures="0" timestamp="18 Jul 2017 23:12:03 GMT" time="0.037" errors="0">
  <testcase name="doLoginTest" time="0.001" classname="testcases.LoginTest"/>
  <testcase name="doLoginTest" time="0.001" classname="testcases.LoginTest"/>
  <testcase name="doLoginTest" time="0.0" classname="testcases.LoginTest"/>
</testsuite> <!-- Login -->
